15 2 1 166 11 162 280 289 169 46 234 179 36 221 33 65 
7 0 137 257 258 42 264 120 
3 212 83 17 
5 134 125 10 138 66 
3 245 271 69 
7 213 102 282 207 197 199 31 
3 89 90 292 
3 232 219 297 
4 41 29 48 291 
2 38 141 
4 204 26 269 131 
4 159 150 122 191 
5 187 277 22 147 45 
3 285 188 52 
4 276 56 64 86 
5 275 53 172 222 255 
4 34 129 268 51 
3 168 295 235 
2 91 217 
4 80 267 253 190 
7 8 60 57 40 185 93 115 
4 167 110 254 100 
5 116 92 79 298 9 
3 44 236 160 
2 144 23 
2 241 175 
1 174 
3 32 128 278 
2 200 230 
1 63 
3 74 109 55 
3 220 227 18 
2 4 158 
5 54 286 246 193 263 
3 103 24 3 
3 249 7 182 
4 87 72 198 202 
2 164 237 
3 184 261 124 
2 133 239 
3 108 171 163 
1 218 
1 210 
1 299 
2 99 157 
2 2 1 
0
0
0
0
0
0
0
0
0
0
0
0
0
0
0
1 0 
1 296 
2 281 248 
1 58 
1 75 
2 259 209 
1 148 
1 215 
2 113 14 
3 62 19 27 
1 294 
3 161 140 145 
3 85 13 50 
3 250 266 176 
2 228 173 
3 224 117 139 
3 177 78 196 
3 107 243 101 
7 127 15 68 111 252 231 194 
1 30 
3 290 284 106 
6 105 82 5 71 126 206 
5 95 225 195 142 189 
5 61 6 67 262 279 
5 121 25 35 112 59 
5 170 114 238 205 256 
5 0 203 192 186 149 
6 136 96 283 81 201 84 
3 273 270 211 
6 146 73 181 123 153 132 
5 21 70 98 43 293 
8 260 156 226 118 265 288 37 94 
8 214 76 287 16 152 229 233 165 
7 39 28 20 242 97 240 208 
4 180 178 77 151 
5 119 223 251 135 247 
7 244 104 155 154 272 274 130 
5 216 88 47 143 2 
4 12 1 49 183 
